# JRE version: OpenJDK Runtime Environment (11.0.11+9) (build 11.0.11+9-b60-7590822)
# Java VM: OpenJDK 64-Bit Server VM (11.0.11+9-b60-7590822, mixed mode, tiered, compressed oops, g1 gc, windows-amd64)
Heap:
 garbage-first heap   total 262144K, used 186321K [0x00000000e0000000, 0x0000000100000000)
  region size 1024K, 52 young (53248K), 2 survivors (2048K)
 Metaspace       used 127943K, capacity 132276K, committed 132396K, reserved 370688K
  class space    used 15401K, capacity 16917K, committed 17024K, reserved 253952K
GC Heap History (20 events):
Event: 6048.057 GC heap before
{Heap before GC invocations=312 (full 0):
 garbage-first heap   total 262144K, used 113138K [0x00000000e0000000, 0x0000000100000000)
  region size 1024K, 12 young (12288K), 8 survivors (8192K)
 Metaspace       used 121632K, capacity 125917K, committed 131756K, reserved 370688K
  class space    used 14727K, capacity 16230K, committed 16896K, reserved 253952K
}
Event: 6048.075 GC heap after
{Heap after GC invocations=313 (full 0):
 garbage-first heap   total 262144K, used 101789K [0x00000000e0000000, 0x0000000100000000)
  region size 1024K, 2 young (2048K), 2 survivors (2048K)
 Metaspace       used 121632K, capacity 125917K, committed 131756K, reserved 370688K
  class space    used 14727K, capacity 16230K, committed 16896K, reserved 253952K
}
Event: 6048.337 GC heap before
{Heap before GC invocations=313 (full 0):
 garbage-first heap   total 262144K, used 117149K [0x00000000e0000000, 0x0000000100000000)
  region size 1024K, 19 young (19456K), 2 survivors (2048K)
 Metaspace       used 121649K, capacity 125923K, committed 131756K, reserved 370688K
  class space    used 14728K, capacity 16231K, committed 16896K, reserved 253952K
}
Event: 6048.345 GC heap after
{Heap after GC invocations=314 (full 0):
 garbage-first heap   total 262144K, used 103166K [0x00000000e0000000, 0x0000000100000000)
  region size 1024K, 3 young (3072K), 3 survivors (3072K)
 Metaspace       used 121649K, capacity 125923K, committed 131756K, reserved 370688K
  class space    used 14728K, capacity 16231K, committed 16896K, reserved 253952K
}
Event: 6149.284 GC heap before
{Heap before GC invocations=315 (full 0):
 garbage-first heap   total 262144K, used 223998K [0x00000000e0000000, 0x0000000100000000)
  region size 1024K, 106 young (108544K), 3 survivors (3072K)
 Metaspace       used 121749K, capacity 125998K, committed 131756K, reserved 370688K
  class space    used 14729K, capacity 16233K, committed 16896K, reserved 253952K
}
Event: 6149.302 GC heap after
{Heap after GC invocations=316 (full 0):
 garbage-first heap   total 262144K, used 117734K [0x00000000e0000000, 0x0000000100000000)
  region size 1024K, 14 young (14336K), 14 survivors (14336K)
 Metaspace       used 121749K, capacity 125998K, committed 131756K, reserved 370688K
  class space    used 14729K, capacity 16233K, committed 16896K, reserved 253952K
}
Event: 6149.314 GC heap before
{Heap before GC invocations=316 (full 0):
 garbage-first heap   total 262144K, used 118758K [0x00000000e0000000, 0x0000000100000000)
  region size 1024K, 15 young (15360K), 14 survivors (14336K)
 Metaspace       used 121750K, capacity 125998K, committed 131756K, reserved 370688K
  class space    used 14729K, capacity 16233K, committed 16896K, reserved 253952K
}
Event: 6149.333 GC heap after
{Heap after GC invocations=317 (full 0):
 garbage-first heap   total 262144K, used 118295K [0x00000000e0000000, 0x0000000100000000)
  region size 1024K, 2 young (2048K), 2 survivors (2048K)
 Metaspace       used 121750K, capacity 125998K, committed 131756K, reserved 370688K
  class space    used 14729K, capacity 16233K, committed 16896K, reserved 253952K
}
Event: 6149.576 GC heap before
{Heap before GC invocations=317 (full 0):
 garbage-first heap   total 262144K, used 123415K [0x00000000e0000000, 0x0000000100000000)
  region size 1024K, 8 young (8192K), 2 survivors (2048K)
 Metaspace       used 121758K, capacity 126062K, committed 131756K, reserved 370688K
  class space    used 14729K, capacity 16233K, committed 16896K, reserved 253952K
}
Event: 6149.582 GC heap after
{Heap after GC invocations=318 (full 0):
 garbage-first heap   total 262144K, used 116823K [0x00000000e0000000, 0x0000000100000000)
  region size 1024K, 1 young (1024K), 1 survivors (1024K)
 Metaspace       used 121758K, capacity 126062K, committed 131756K, reserved 370688K
  class space    used 14729K, capacity 16233K, committed 16896K, reserved 253952K
}
Event: 6151.562 GC heap before
{Heap before GC invocations=319 (full 0):
 garbage-first heap   total 262144K, used 234583K [0x00000000e0000000, 0x0000000100000000)
  region size 1024K, 93 young (95232K), 1 survivors (1024K)
 Metaspace       used 121777K, capacity 126068K, committed 131756K, reserved 370688K
  class space    used 14730K, capacity 16235K, committed 16896K, reserved 253952K
}
Event: 6151.570 GC heap after
{Heap after GC invocations=320 (full 0):
 garbage-first heap   total 262144K, used 121006K [0x00000000e0000000, 0x0000000100000000)
  region size 1024K, 5 young (5120K), 5 survivors (5120K)
 Metaspace       used 121777K, capacity 126068K, committed 131756K, reserved 370688K
  class space    used 14730K, capacity 16235K, committed 16896K, reserved 253952K
}
Event: 6319.682 GC heap before
{Heap before GC invocations=320 (full 0):
 garbage-first heap   total 262144K, used 127150K [0x00000000e0000000, 0x0000000100000000)
  region size 1024K, 12 young (12288K), 5 survivors (5120K)
 Metaspace       used 121802K, capacity 126074K, committed 131756K, reserved 370688K
  class space    used 14730K, capacity 16236K, committed 16896K, reserved 253952K
}
Event: 6319.705 GC heap after
{Heap after GC invocations=321 (full 0):
 garbage-first heap   total 262144K, used 109106K [0x00000000e0000000, 0x0000000100000000)
  region size 1024K, 1 young (1024K), 1 survivors (1024K)
 Metaspace       used 121802K, capacity 126074K, committed 131756K, reserved 370688K
  class space    used 14730K, capacity 16236K, committed 16896K, reserved 253952K
}
Event: 6328.943 GC heap before
{Heap before GC invocations=321 (full 0):
 garbage-first heap   total 262144K, used 208434K [0x00000000e0000000, 0x0000000100000000)
  region size 1024K, 99 young (101376K), 1 survivors (1024K)
 Metaspace       used 121934K, capacity 126212K, committed 131756K, reserved 370688K
  class space    used 14732K, capacity 16237K, committed 16896K, reserved 253952K
}
Event: 6328.960 GC heap after
{Heap after GC invocations=322 (full 0):
 garbage-first heap   total 262144K, used 115501K [0x00000000e0000000, 0x0000000100000000)
  region size 1024K, 8 young (8192K), 8 survivors (8192K)
 Metaspace       used 121934K, capacity 126212K, committed 131756K, reserved 370688K
  class space    used 14732K, capacity 16237K, committed 16896K, reserved 253952K
}
Event: 6329.576 GC heap before
{Heap before GC invocations=323 (full 0):
 garbage-first heap   total 262144K, used 219949K [0x00000000e0000000, 0x0000000100000000)
  region size 1024K, 102 young (104448K), 8 survivors (8192K)
 Metaspace       used 122271K, capacity 126580K, committed 131756K, reserved 370688K
  class space    used 14772K, capacity 16277K, committed 16896K, reserved 253952K
}
Event: 6329.608 GC heap after
{Heap after GC invocations=324 (full 0):
 garbage-first heap   total 262144K, used 144988K [0x00000000e0000000, 0x0000000100000000)
  region size 1024K, 13 young (13312K), 13 survivors (13312K)
 Metaspace       used 122271K, capacity 126580K, committed 131756K, reserved 370688K
  class space    used 14772K, capacity 16277K, committed 16896K, reserved 253952K
}
Event: 6329.609 GC heap before
{Heap before GC invocations=324 (full 0):
 garbage-first heap   total 262144K, used 146012K [0x00000000e0000000, 0x0000000100000000)
  region size 1024K, 14 young (14336K), 13 survivors (13312K)
 Metaspace       used 122271K, capacity 126580K, committed 131756K, reserved 370688K
  class space    used 14772K, capacity 16277K, committed 16896K, reserved 253952K
}
Event: 6329.634 GC heap after
{Heap after GC invocations=325 (full 0):
 garbage-first heap   total 262144K, used 137169K [0x00000000e0000000, 0x0000000100000000)
  region size 1024K, 2 young (2048K), 2 survivors (2048K)
 Metaspace       used 122271K, capacity 126580K, committed 131756K, reserved 370688K
  class space    used 14772K, capacity 16277K, committed 16896K, reserved 253952K
}

