# JRE version: OpenJDK Runtime Environment (11.0.11+9) (build 11.0.11+9-b60-7590822)
# Java VM: OpenJDK 64-Bit Server VM (11.0.11+9-b60-7590822, mixed mode, tiered, compressed oops, g1 gc, windows-amd64)
Heap:
 garbage-first heap   total 262144K, used 167161K [0x00000000e0000000, 0x0000000100000000)
  region size 1024K, 34 young (34816K), 6 survivors (6144K)
 Metaspace       used 122406K, capacity 126678K, committed 133156K, reserved 370688K
  class space    used 14723K, capacity 16223K, committed 17100K, reserved 253952K
GC Heap History (20 events):
Event: 9660.622 GC heap before
{Heap before GC invocations=370 (full 0):
 garbage-first heap   total 262144K, used 142483K [0x00000000e0000000, 0x0000000100000000)
  region size 1024K, 41 young (41984K), 2 survivors (2048K)
 Metaspace       used 122217K, capacity 126493K, committed 133156K, reserved 370688K
  class space    used 14717K, capacity 16214K, committed 17100K, reserved 253952K
}
Event: 9660.629 GC heap after
{Heap after GC invocations=371 (full 0):
 garbage-first heap   total 262144K, used 106081K [0x00000000e0000000, 0x0000000100000000)
  region size 1024K, 3 young (3072K), 3 survivors (3072K)
 Metaspace       used 122217K, capacity 126493K, committed 133156K, reserved 370688K
  class space    used 14717K, capacity 16214K, committed 17100K, reserved 253952K
}
Event: 9662.005 GC heap before
{Heap before GC invocations=372 (full 0):
 garbage-first heap   total 262144K, used 240225K [0x00000000e0000000, 0x0000000100000000)
  region size 1024K, 99 young (101376K), 3 survivors (3072K)
 Metaspace       used 122242K, capacity 126502K, committed 133156K, reserved 370688K
  class space    used 14718K, capacity 16216K, committed 17100K, reserved 253952K
}
Event: 9662.015 GC heap after
{Heap after GC invocations=373 (full 0):
 garbage-first heap   total 262144K, used 109912K [0x00000000e0000000, 0x0000000100000000)
  region size 1024K, 8 young (8192K), 8 survivors (8192K)
 Metaspace       used 122242K, capacity 126502K, committed 133156K, reserved 370688K
  class space    used 14718K, capacity 16216K, committed 17100K, reserved 253952K
}
Event: 9662.020 GC heap before
{Heap before GC invocations=373 (full 0):
 garbage-first heap   total 262144K, used 114008K [0x00000000e0000000, 0x0000000100000000)
  region size 1024K, 12 young (12288K), 8 survivors (8192K)
 Metaspace       used 122242K, capacity 126502K, committed 133156K, reserved 370688K
  class space    used 14718K, capacity 16216K, committed 17100K, reserved 253952K
}
Event: 9662.034 GC heap after
{Heap after GC invocations=374 (full 0):
 garbage-first heap   total 262144K, used 101585K [0x00000000e0000000, 0x0000000100000000)
  region size 1024K, 2 young (2048K), 2 survivors (2048K)
 Metaspace       used 122242K, capacity 126502K, committed 133156K, reserved 370688K
  class space    used 14718K, capacity 16216K, committed 17100K, reserved 253952K
}
Event: 9662.307 GC heap before
{Heap before GC invocations=374 (full 0):
 garbage-first heap   total 262144K, used 117969K [0x00000000e0000000, 0x0000000100000000)
  region size 1024K, 20 young (20480K), 2 survivors (2048K)
 Metaspace       used 122245K, capacity 126502K, committed 133156K, reserved 370688K
  class space    used 14718K, capacity 16216K, committed 17100K, reserved 253952K
}
Event: 9662.315 GC heap after
{Heap after GC invocations=375 (full 0):
 garbage-first heap   total 262144K, used 102846K [0x00000000e0000000, 0x0000000100000000)
  region size 1024K, 3 young (3072K), 3 survivors (3072K)
 Metaspace       used 122245K, capacity 126502K, committed 133156K, reserved 370688K
  class space    used 14718K, capacity 16216K, committed 17100K, reserved 253952K
}
Event: 9705.183 GC heap before
{Heap before GC invocations=376 (full 0):
 garbage-first heap   total 262144K, used 236990K [0x00000000e0000000, 0x0000000100000000)
  region size 1024K, 107 young (109568K), 3 survivors (3072K)
 Metaspace       used 122331K, capacity 126590K, committed 133156K, reserved 370688K
  class space    used 14720K, capacity 16220K, committed 17100K, reserved 253952K
}
Event: 9705.199 GC heap after
{Heap after GC invocations=377 (full 0):
 garbage-first heap   total 262144K, used 117538K [0x00000000e0000000, 0x0000000100000000)
  region size 1024K, 14 young (14336K), 14 survivors (14336K)
 Metaspace       used 122331K, capacity 126590K, committed 133156K, reserved 370688K
  class space    used 14720K, capacity 16220K, committed 17100K, reserved 253952K
}
Event: 9705.210 GC heap before
{Heap before GC invocations=377 (full 0):
 garbage-first heap   total 262144K, used 118562K [0x00000000e0000000, 0x0000000100000000)
  region size 1024K, 15 young (15360K), 14 survivors (14336K)
 Metaspace       used 122331K, capacity 126590K, committed 133156K, reserved 370688K
  class space    used 14720K, capacity 16220K, committed 17100K, reserved 253952K
}
Event: 9705.223 GC heap after
{Heap after GC invocations=378 (full 0):
 garbage-first heap   total 262144K, used 118958K [0x00000000e0000000, 0x0000000100000000)
  region size 1024K, 2 young (2048K), 2 survivors (2048K)
 Metaspace       used 122331K, capacity 126590K, committed 133156K, reserved 370688K
  class space    used 14720K, capacity 16220K, committed 17100K, reserved 253952K
}
Event: 9705.232 GC heap before
{Heap before GC invocations=378 (full 0):
 garbage-first heap   total 262144K, used 122030K [0x00000000e0000000, 0x0000000100000000)
  region size 1024K, 6 young (6144K), 2 survivors (2048K)
 Metaspace       used 122331K, capacity 126590K, committed 133156K, reserved 370688K
  class space    used 14720K, capacity 16220K, committed 17100K, reserved 253952K
}
Event: 9705.246 GC heap after
{Heap after GC invocations=379 (full 0):
 garbage-first heap   total 262144K, used 120649K [0x00000000e0000000, 0x0000000100000000)
  region size 1024K, 4 young (4096K), 4 survivors (4096K)
 Metaspace       used 122331K, capacity 126590K, committed 133156K, reserved 370688K
  class space    used 14720K, capacity 16220K, committed 17100K, reserved 253952K
}
Event: 9706.544 GC heap before
{Heap before GC invocations=380 (full 0):
 garbage-first heap   total 262144K, used 214857K [0x00000000e0000000, 0x0000000100000000)
  region size 1024K, 87 young (89088K), 4 survivors (4096K)
 Metaspace       used 122352K, capacity 126612K, committed 133156K, reserved 370688K
  class space    used 14722K, capacity 16223K, committed 17100K, reserved 253952K
}
Event: 9706.550 GC heap after
{Heap after GC invocations=381 (full 0):
 garbage-first heap   total 262144K, used 121308K [0x00000000e0000000, 0x0000000100000000)
  region size 1024K, 5 young (5120K), 5 survivors (5120K)
 Metaspace       used 122352K, capacity 126612K, committed 133156K, reserved 370688K
  class space    used 14722K, capacity 16223K, committed 17100K, reserved 253952K
}
Event: 9761.785 GC heap before
{Heap before GC invocations=381 (full 0):
 garbage-first heap   total 262144K, used 129500K [0x00000000e0000000, 0x0000000100000000)
  region size 1024K, 12 young (12288K), 5 survivors (5120K)
 Metaspace       used 122365K, capacity 126612K, committed 133156K, reserved 370688K
  class space    used 14722K, capacity 16223K, committed 17100K, reserved 253952K
}
Event: 9761.804 GC heap after
{Heap after GC invocations=382 (full 0):
 garbage-first heap   total 262144K, used 108559K [0x00000000e0000000, 0x0000000100000000)
  region size 1024K, 2 young (2048K), 2 survivors (2048K)
 Metaspace       used 122365K, capacity 126612K, committed 133156K, reserved 370688K
  class space    used 14722K, capacity 16223K, committed 17100K, reserved 253952K
}
Event: 9764.030 GC heap before
{Heap before GC invocations=382 (full 0):
 garbage-first heap   total 262144K, used 176143K [0x00000000e0000000, 0x0000000100000000)
  region size 1024K, 69 young (70656K), 2 survivors (2048K)
 Metaspace       used 122402K, capacity 126678K, committed 133156K, reserved 370688K
  class space    used 14723K, capacity 16223K, committed 17100K, reserved 253952K
}
Event: 9764.051 GC heap after
{Heap after GC invocations=383 (full 0):
 garbage-first heap   total 262144K, used 112889K [0x00000000e0000000, 0x0000000100000000)
  region size 1024K, 6 young (6144K), 6 survivors (6144K)
 Metaspace       used 122402K, capacity 126678K, committed 133156K, reserved 370688K
  class space    used 14723K, capacity 16223K, committed 17100K, reserved 253952K
}

