# JRE version: OpenJDK Runtime Environment (11.0.11+9) (build 11.0.11+9-b60-7590822)
# Java VM: OpenJDK 64-Bit Server VM (11.0.11+9-b60-7590822, mixed mode, tiered, compressed oops, g1 gc, windows-amd64)
Heap:
 garbage-first heap   total 287744K, used 171891K [0x00000000e0000000, 0x0000000100000000)
  region size 1024K, 9 young (9216K), 8 survivors (8192K)
 Metaspace       used 115584K, capacity 118728K, committed 119232K, reserved 358400K
  class space    used 14134K, capacity 15291K, committed 15488K, reserved 253952K
GC Heap History (20 events):
Event: 1008.643 GC heap after
{Heap after GC invocations=120 (full 0):
 garbage-first heap   total 287744K, used 184084K [0x00000000e0000000, 0x0000000100000000)
  region size 1024K, 3 young (3072K), 3 survivors (3072K)
 Metaspace       used 114915K, capacity 118000K, committed 118720K, reserved 358400K
  class space    used 14101K, capacity 15263K, committed 15488K, reserved 253952K
}
Event: 1010.136 GC heap before
{Heap before GC invocations=120 (full 0):
 garbage-first heap   total 287744K, used 234260K [0x00000000e0000000, 0x0000000100000000)
  region size 1024K, 53 young (54272K), 3 survivors (3072K)
 Metaspace       used 114932K, capacity 118007K, committed 118720K, reserved 358400K
  class space    used 14101K, capacity 15263K, committed 15488K, reserved 253952K
}
Event: 1010.139 GC heap after
{Heap after GC invocations=121 (full 0):
 garbage-first heap   total 287744K, used 182385K [0x00000000e0000000, 0x0000000100000000)
  region size 1024K, 1 young (1024K), 1 survivors (1024K)
 Metaspace       used 114932K, capacity 118007K, committed 118720K, reserved 358400K
  class space    used 14101K, capacity 15263K, committed 15488K, reserved 253952K
}
Event: 1010.830 GC heap before
{Heap before GC invocations=121 (full 0):
 garbage-first heap   total 287744K, used 249969K [0x00000000e0000000, 0x0000000100000000)
  region size 1024K, 50 young (51200K), 1 survivors (1024K)
 Metaspace       used 115126K, capacity 118235K, committed 118720K, reserved 358400K
  class space    used 14126K, capacity 15285K, committed 15488K, reserved 253952K
}
Event: 1010.838 GC heap after
{Heap after GC invocations=122 (full 0):
 garbage-first heap   total 287744K, used 190617K [0x00000000e0000000, 0x0000000100000000)
  region size 1024K, 2 young (2048K), 2 survivors (2048K)
 Metaspace       used 115126K, capacity 118235K, committed 118720K, reserved 358400K
  class space    used 14126K, capacity 15285K, committed 15488K, reserved 253952K
}
Event: 1029.239 GC heap before
{Heap before GC invocations=123 (full 0):
 garbage-first heap   total 287744K, used 190453K [0x00000000e0000000, 0x0000000100000000)
  region size 1024K, 52 young (53248K), 2 survivors (2048K)
 Metaspace       used 115366K, capacity 118465K, committed 118976K, reserved 358400K
  class space    used 14132K, capacity 15290K, committed 15488K, reserved 253952K
}
Event: 1029.247 GC heap after
{Heap after GC invocations=124 (full 0):
 garbage-first heap   total 287744K, used 118921K [0x00000000e0000000, 0x0000000100000000)
  region size 1024K, 4 young (4096K), 4 survivors (4096K)
 Metaspace       used 115366K, capacity 118465K, committed 118976K, reserved 358400K
  class space    used 14132K, capacity 15290K, committed 15488K, reserved 253952K
}
Event: 1029.914 GC heap before
{Heap before GC invocations=124 (full 0):
 garbage-first heap   total 287744K, used 129161K [0x00000000e0000000, 0x0000000100000000)
  region size 1024K, 14 young (14336K), 4 survivors (4096K)
 Metaspace       used 115398K, capacity 118465K, committed 118976K, reserved 358400K
  class space    used 14132K, capacity 15290K, committed 15488K, reserved 253952K
}
Event: 1029.928 GC heap after
{Heap after GC invocations=125 (full 0):
 garbage-first heap   total 287744K, used 97868K [0x00000000e0000000, 0x0000000100000000)
  region size 1024K, 2 young (2048K), 2 survivors (2048K)
 Metaspace       used 115398K, capacity 118465K, committed 118976K, reserved 358400K
  class space    used 14132K, capacity 15290K, committed 15488K, reserved 253952K
}
Event: 1035.264 GC heap before
{Heap before GC invocations=125 (full 0):
 garbage-first heap   total 287744K, used 195148K [0x00000000e0000000, 0x0000000100000000)
  region size 1024K, 97 young (99328K), 2 survivors (2048K)
 Metaspace       used 115535K, capacity 118728K, committed 119232K, reserved 358400K
  class space    used 14133K, capacity 15291K, committed 15488K, reserved 253952K
}
Event: 1035.276 GC heap after
{Heap after GC invocations=126 (full 0):
 garbage-first heap   total 287744K, used 101958K [0x00000000e0000000, 0x0000000100000000)
  region size 1024K, 5 young (5120K), 5 survivors (5120K)
 Metaspace       used 115535K, capacity 118728K, committed 119232K, reserved 358400K
  class space    used 14133K, capacity 15291K, committed 15488K, reserved 253952K
}
Event: 1036.478 GC heap before
{Heap before GC invocations=126 (full 0):
 garbage-first heap   total 287744K, used 203334K [0x00000000e0000000, 0x0000000100000000)
  region size 1024K, 104 young (106496K), 5 survivors (5120K)
 Metaspace       used 115541K, capacity 118728K, committed 119232K, reserved 358400K
  class space    used 14133K, capacity 15291K, committed 15488K, reserved 253952K
}
Event: 1036.496 GC heap after
{Heap after GC invocations=127 (full 0):
 garbage-first heap   total 287744K, used 116508K [0x00000000e0000000, 0x0000000100000000)
  region size 1024K, 13 young (13312K), 13 survivors (13312K)
 Metaspace       used 115541K, capacity 118728K, committed 119232K, reserved 358400K
  class space    used 14133K, capacity 15291K, committed 15488K, reserved 253952K
}
Event: 1036.508 GC heap before
{Heap before GC invocations=127 (full 0):
 garbage-first heap   total 287744K, used 129820K [0x00000000e0000000, 0x0000000100000000)
  region size 1024K, 25 young (25600K), 13 survivors (13312K)
 Metaspace       used 115541K, capacity 118728K, committed 119232K, reserved 358400K
  class space    used 14133K, capacity 15291K, committed 15488K, reserved 253952K
}
Event: 1036.526 GC heap after
{Heap after GC invocations=128 (full 0):
 garbage-first heap   total 287744K, used 125093K [0x00000000e0000000, 0x0000000100000000)
  region size 1024K, 7 young (7168K), 7 survivors (7168K)
 Metaspace       used 115541K, capacity 118728K, committed 119232K, reserved 358400K
  class space    used 14133K, capacity 15291K, committed 15488K, reserved 253952K
}
Event: 1037.046 GC heap before
{Heap before GC invocations=129 (full 0):
 garbage-first heap   total 287744K, used 186533K [0x00000000e0000000, 0x0000000100000000)
  region size 1024K, 68 young (69632K), 7 survivors (7168K)
 Metaspace       used 115544K, capacity 118728K, committed 119232K, reserved 358400K
  class space    used 14133K, capacity 15291K, committed 15488K, reserved 253952K
}
Event: 1037.083 GC heap after
{Heap after GC invocations=130 (full 0):
 garbage-first heap   total 287744K, used 139996K [0x00000000e0000000, 0x0000000100000000)
  region size 1024K, 9 young (9216K), 9 survivors (9216K)
 Metaspace       used 115544K, capacity 118728K, committed 119232K, reserved 358400K
  class space    used 14133K, capacity 15291K, committed 15488K, reserved 253952K
}
Event: 1037.112 GC heap before
{Heap before GC invocations=130 (full 0):
 garbage-first heap   total 287744K, used 145116K [0x00000000e0000000, 0x0000000100000000)
  region size 1024K, 14 young (14336K), 9 survivors (9216K)
 Metaspace       used 115545K, capacity 118728K, committed 119232K, reserved 358400K
  class space    used 14134K, capacity 15291K, committed 15488K, reserved 253952K
}
Event: 1037.141 GC heap after
{Heap after GC invocations=131 (full 0):
 garbage-first heap   total 287744K, used 137216K [0x00000000e0000000, 0x0000000100000000)
  region size 1024K, 2 young (2048K), 2 survivors (2048K)
 Metaspace       used 115545K, capacity 118728K, committed 119232K, reserved 358400K
  class space    used 14134K, capacity 15291K, committed 15488K, reserved 253952K
}
Event: 1037.808 GC heap before
{Heap before GC invocations=131 (full 0):
 garbage-first heap   total 287744K, used 195584K [0x00000000e0000000, 0x0000000100000000)
  region size 1024K, 60 young (61440K), 2 survivors (2048K)
 Metaspace       used 115584K, capacity 118728K, committed 119232K, reserved 358400K
  class space    used 14134K, capacity 15291K, committed 15488K, reserved 253952K
}

